# JRE version: OpenJDK Runtime Environment Corretto-18.0.2.9.1 (18.0.2+9) (build 18.0.2+9-FR)
# Java VM: OpenJDK 64-Bit Server VM Corretto-18.0.2.9.1 (18.0.2+9-FR, mixed mode, sharing, tiered, compressed oops, compressed class ptrs, g1 gc, windows-amd64)
GC Precious Log:
 CardTable entry size: 512
 Card Set container configuration: InlinePtr #cards 5 size 8 Array Of Cards #cards 12 size 40 Howl #buckets 4 coarsen threshold 1843 Howl Bitmap #cards 512 size 80 coarsen threshold 460 Card regions per heap region 1 cards per card region 2048
 CPUs: 8 total, 8 available
 Memory: 7971M
 Large Page Support: Disabled
 NUMA Support: Disabled
 Compressed Oops: Enabled (32-bit)
 Heap Region Size: 1M
 Heap Min Capacity: 8M
 Heap Initial Capacity: 126M
 Heap Max Capacity: 1994M
 Pre-touch: Disabled
 Parallel Workers: 8
 Concurrent Workers: 2
 Concurrent Refinement Workers: 8
 Periodic GC: Disabled
Heap:
 garbage-first heap   total 323584K, used 143986K [0x0000000083600000, 0x0000000100000000)
  region size 1024K, 102 young (104448K), 12 survivors (12288K)
 Metaspace       used 7263K, committed 7488K, reserved 1114112K
  class space    used 333K, committed 448K, reserved 1048576K
GC Heap History (20 events):
Event: 3.495 GC heap before
{Heap before GC invocations=8 (full 0):
 garbage-first heap   total 189440K, used 122844K [0x0000000083600000, 0x0000000100000000)
  region size 1024K, 111 young (113664K), 10 survivors (10240K)
 Metaspace       used 6505K, committed 6720K, reserved 1114112K
  class space    used 330K, committed 448K, reserved 1048576K
}
Event: 3.506 GC heap after
{Heap after GC invocations=9 (full 0):
 garbage-first heap   total 189440K, used 19954K [0x0000000083600000, 0x0000000100000000)
  region size 1024K, 10 young (10240K), 10 survivors (10240K)
 Metaspace       used 6505K, committed 6720K, reserved 1114112K
  class space    used 330K, committed 448K, reserved 1048576K
}
Event: 3.785 GC heap before
{Heap before GC invocations=9 (full 0):
 garbage-first heap   total 189440K, used 124402K [0x0000000083600000, 0x0000000100000000)
  region size 1024K, 111 young (113664K), 10 survivors (10240K)
 Metaspace       used 6508K, committed 6720K, reserved 1114112K
  class space    used 330K, committed 448K, reserved 1048576K
}
Event: 3.798 GC heap after
{Heap after GC invocations=10 (full 0):
 garbage-first heap   total 269312K, used 22479K [0x0000000083600000, 0x0000000100000000)
  region size 1024K, 8 young (8192K), 8 survivors (8192K)
 Metaspace       used 6508K, committed 6720K, reserved 1114112K
  class space    used 330K, committed 448K, reserved 1048576K
}
Event: 4.168 GC heap before
{Heap before GC invocations=10 (full 0):
 garbage-first heap   total 269312K, used 174031K [0x0000000083600000, 0x0000000100000000)
  region size 1024K, 157 young (160768K), 8 survivors (8192K)
 Metaspace       used 6513K, committed 6720K, reserved 1114112K
  class space    used 330K, committed 448K, reserved 1048576K
}
Event: 4.176 GC heap after
{Heap after GC invocations=11 (full 0):
 garbage-first heap   total 269312K, used 25770K [0x0000000083600000, 0x0000000100000000)
  region size 1024K, 12 young (12288K), 12 survivors (12288K)
 Metaspace       used 6513K, committed 6720K, reserved 1114112K
  class space    used 330K, committed 448K, reserved 1048576K
}
Event: 4.548 GC heap before
{Heap before GC invocations=11 (full 0):
 garbage-first heap   total 269312K, used 174250K [0x0000000083600000, 0x0000000100000000)
  region size 1024K, 157 young (160768K), 12 survivors (12288K)
 Metaspace       used 6513K, committed 6720K, reserved 1114112K
  class space    used 330K, committed 448K, reserved 1048576K
}
Event: 4.557 GC heap after
{Heap after GC invocations=12 (full 0):
 garbage-first heap   total 269312K, used 28957K [0x0000000083600000, 0x0000000100000000)
  region size 1024K, 12 young (12288K), 12 survivors (12288K)
 Metaspace       used 6513K, committed 6720K, reserved 1114112K
  class space    used 330K, committed 448K, reserved 1048576K
}
Event: 4.917 GC heap before
{Heap before GC invocations=12 (full 0):
 garbage-first heap   total 269312K, used 185629K [0x0000000083600000, 0x0000000100000000)
  region size 1024K, 157 young (160768K), 12 survivors (12288K)
 Metaspace       used 6513K, committed 6720K, reserved 1114112K
  class space    used 330K, committed 448K, reserved 1048576K
}
Event: 4.928 GC heap after
{Heap after GC invocations=13 (full 0):
 garbage-first heap   total 269312K, used 35381K [0x0000000083600000, 0x0000000100000000)
  region size 1024K, 12 young (12288K), 12 survivors (12288K)
 Metaspace       used 6513K, committed 6720K, reserved 1114112K
  class space    used 330K, committed 448K, reserved 1048576K
}
Event: 5.157 GC heap before
{Heap before GC invocations=13 (full 0):
 garbage-first heap   total 269312K, used 183861K [0x0000000083600000, 0x0000000100000000)
  region size 1024K, 157 young (160768K), 12 survivors (12288K)
 Metaspace       used 6513K, committed 6720K, reserved 1114112K
  class space    used 330K, committed 448K, reserved 1048576K
}
Event: 5.170 GC heap after
{Heap after GC invocations=14 (full 0):
 garbage-first heap   total 323584K, used 38958K [0x0000000083600000, 0x0000000100000000)
  region size 1024K, 13 young (13312K), 13 survivors (13312K)
 Metaspace       used 6513K, committed 6720K, reserved 1114112K
  class space    used 330K, committed 448K, reserved 1048576K
}
Event: 5.688 GC heap before
{Heap before GC invocations=14 (full 0):
 garbage-first heap   total 323584K, used 226350K [0x0000000083600000, 0x0000000100000000)
  region size 1024K, 189 young (193536K), 13 survivors (13312K)
 Metaspace       used 6515K, committed 6720K, reserved 1114112K
  class space    used 330K, committed 448K, reserved 1048576K
}
Event: 5.705 GC heap after
{Heap after GC invocations=15 (full 0):
 garbage-first heap   total 323584K, used 45804K [0x0000000083600000, 0x0000000100000000)
  region size 1024K, 15 young (15360K), 15 survivors (15360K)
 Metaspace       used 6515K, committed 6720K, reserved 1114112K
  class space    used 330K, committed 448K, reserved 1048576K
}
Event: 6.182 GC heap before
{Heap before GC invocations=15 (full 0):
 garbage-first heap   total 323584K, used 231148K [0x0000000083600000, 0x0000000100000000)
  region size 1024K, 189 young (193536K), 15 survivors (15360K)
 Metaspace       used 6515K, committed 6720K, reserved 1114112K
  class space    used 330K, committed 448K, reserved 1048576K
}
Event: 6.198 GC heap after
{Heap after GC invocations=16 (full 0):
 garbage-first heap   total 323584K, used 52538K [0x0000000083600000, 0x0000000100000000)
  region size 1024K, 15 young (15360K), 15 survivors (15360K)
 Metaspace       used 6515K, committed 6720K, reserved 1114112K
  class space    used 330K, committed 448K, reserved 1048576K
}
Event: 30.031 GC heap before
{Heap before GC invocations=16 (full 0):
 garbage-first heap   total 323584K, used 230714K [0x0000000083600000, 0x0000000100000000)
  region size 1024K, 189 young (193536K), 15 survivors (15360K)
 Metaspace       used 7200K, committed 7424K, reserved 1114112K
  class space    used 333K, committed 448K, reserved 1048576K
}
Event: 30.058 GC heap after
{Heap after GC invocations=17 (full 0):
 garbage-first heap   total 323584K, used 52850K [0x0000000083600000, 0x0000000100000000)
  region size 1024K, 12 young (12288K), 12 survivors (12288K)
 Metaspace       used 7200K, committed 7424K, reserved 1114112K
  class space    used 333K, committed 448K, reserved 1048576K
}
Event: 56.825 GC heap before
{Heap before GC invocations=17 (full 0):
 garbage-first heap   total 323584K, used 233074K [0x0000000083600000, 0x0000000100000000)
  region size 1024K, 189 young (193536K), 12 survivors (12288K)
 Metaspace       used 7259K, committed 7488K, reserved 1114112K
  class space    used 333K, committed 448K, reserved 1048576K
}
Event: 56.855 GC heap after
{Heap after GC invocations=18 (full 0):
 garbage-first heap   total 323584K, used 52850K [0x0000000083600000, 0x0000000100000000)
  region size 1024K, 12 young (12288K), 12 survivors (12288K)
 Metaspace       used 7259K, committed 7488K, reserved 1114112K
  class space    used 333K, committed 448K, reserved 1048576K
}

